2026-07-01 15:21:01,835 [ERROR] from com.jpro.internal.communicator.InstanceImpl in JavaFX Application Thread - Error while starting application: 
java.lang.UnsatisfiedLinkError: no glib-lite in java.library.path: C:\pleiades\2026-03\java\17\bin;C:\Windows\Sun\Java\bin;C:\Windows\system32;C:\Windows;C:/pleiades/2026-03/eclipse//plugins/org.eclipse.justj.openjdk.hotspot.jre.full.win32.x86_64_21.0.11.v20260515-1531/jre/bin/server;C:/pleiades/2026-03/eclipse//plugins/org.eclipse.justj.openjdk.hotspot.jre.full.win32.x86_64_21.0.11.v20260515-1531/jre/bin;C:\Windows\system32;C:\Windows;C:\Windows\System32\Wbem;C:\Windows\System32\WindowsPowerShell\v1.0\;C:\Windows\System32\OpenSSH\;C:\Program Files\dotnet\;C:\Users\EMD-572\AppData\Local\Microsoft\WindowsApps;;C:\pleiades\2026-03\eclipse;;.
	at java.base/java.lang.ClassLoader.loadLibrary(ClassLoader.java:2434)
	at java.base/java.lang.Runtime.loadLibrary0(Runtime.java:818)
	at java.base/java.lang.System.loadLibrary(System.java:2006)
	at com.sun.glass.utils.NativeLibLoader.loadLibraryInternal(NativeLibLoader.java:170)
	at com.sun.glass.utils.NativeLibLoader.loadLibrary(NativeLibLoader.java:58)
	at com.sun.media.jfxmediaimpl.NativeMediaManager.lambda$new$0(NativeMediaManager.java:111)
	at java.base/java.security.AccessController.doPrivileged(AccessController.java:569)
	at com.sun.media.jfxmediaimpl.NativeMediaManager.<init>(NativeMediaManager.java:108)
	at com.sun.media.jfxmediaimpl.NativeMediaManager$NativeMediaManagerInitializer.<clinit>(NativeMediaManager.java:78)
	at com.sun.media.jfxmediaimpl.NativeMediaManager.getDefaultInstance(NativeMediaManager.java:90)
	at com.sun.media.jfxmedia.MediaManager.canPlayProtocol(MediaManager.java:78)
	at com.sun.media.jfxmedia.locator.Locator.<init>(Locator.java:240)
	at javafx.scene.media.Media.<init>(Media.java:392)
	at start.Bgm.playBGM(Bgm.java:14)
	at start.Start.start(Start.java:142)
	at com.jpro.internal.config.ApplicationStarter$.$anonfun$startJApplication$1(ApplicationStarter.scala:131)
	at com.jpro.internal.config.ApplicationStarter$.$anonfun$startJApplication$1$adapted(ApplicationStarter.scala:128)
	at com.jpro.internal.communicator.InstanceImpl.start(InstanceImpl.scala:53)
	at com.jpro.internal.communicator.InstanceImpl.$anonfun$new$2(InstanceImpl.scala:45)
	at scala.runtime.java8.JFunction0$mcV$sp.apply(JFunction0$mcV$sp.java:23)
	at simplefx.cores.standard.parts.CoreTimeEvent.doIt$lzycompute$1(CoreTimeEvent.scala:147)
	at simplefx.cores.standard.parts.CoreTimeEvent.doIt$1(CoreTimeEvent.scala:145)
	at simplefx.cores.standard.parts.CoreTimeEvent.$anonfun$runOnceWhen$2(CoreTimeEvent.scala:149)
	at simplefx.cores.standard.parts.CoreTimeEvent.$anonfun$runOnceWhen$2$adapted(CoreTimeEvent.scala:149)
	at simplefx.cores.standard.parts.CoreTypesBindable$BindableImpl.$anonfun$triggerOnChange$3(CoreTypesBindable.scala:208)
	at simplefx.cores.standard.parts.CoreScheduler.runSchedulerImpl(CoreScheduler.scala:73)
	at simplefx.cores.standard.parts.CoreScheduler.runSchedulerImpl$(CoreScheduler.scala:52)
	at simplefx.cores.standard.Core.runSchedulerImpl(Core.scala:9)
	at simplefx.cores.standard.parts.CoreScheduler.tryStartSchedulerStop(CoreScheduler.scala:44)
	at simplefx.cores.standard.parts.CoreScheduler.tryStartSchedulerStop$(CoreScheduler.scala:42)
	at simplefx.cores.standard.Core.tryStartSchedulerStop(Core.scala:9)
	at com.jpro.internal.server.ViewSerializerActor$$anonfun$handleFirstClientMessage$1.$anonfun$applyOrElse$1(ViewSerializerActor.scala:67)
	at simplefx.cores.standard.parts.CoreTimeEvent$$anon$3.run(CoreTimeEvent.scala:62)
	at com.sun.javafx.application.PlatformImpl.lambda$runLater$10(PlatformImpl.java:457)
	at java.base/java.security.AccessController.doPrivileged(AccessController.java:399)
	at com.sun.javafx.application.PlatformImpl.lambda$runLater$11(PlatformImpl.java:456)
	at com.sun.glass.ui.monocle.RunnableProcessor.runLoop(RunnableProcessor.java:92)
	at com.sun.glass.ui.monocle.RunnableProcessor.run(RunnableProcessor.java:51)
	at java.base/java.lang.Thread.run(Thread.java:840)
2026-07-01 15:21:01,836 [WARN] from com.jpro.internal.communicator.InstanceImpl in JavaFX Application Thread - Application didn't show the stage. JPro is now calling show()
2026-07-01 15:24:11,669 [ERROR] from com.jpro.internal.communicator.InstanceImpl in JavaFX Application Thread - Error while starting application: 
java.lang.UnsatisfiedLinkError: no glib-lite in java.library.path: C:\pleiades\2026-03\java\17\bin;C:\Windows\Sun\Java\bin;C:\Windows\system32;C:\Windows;C:/pleiades/2026-03/eclipse//plugins/org.eclipse.justj.openjdk.hotspot.jre.full.win32.x86_64_21.0.11.v20260515-1531/jre/bin/server;C:/pleiades/2026-03/eclipse//plugins/org.eclipse.justj.openjdk.hotspot.jre.full.win32.x86_64_21.0.11.v20260515-1531/jre/bin;C:\Windows\system32;C:\Windows;C:\Windows\System32\Wbem;C:\Windows\System32\WindowsPowerShell\v1.0\;C:\Windows\System32\OpenSSH\;C:\Program Files\dotnet\;C:\Users\EMD-572\AppData\Local\Microsoft\WindowsApps;;C:\pleiades\2026-03\eclipse;;.
	at java.base/java.lang.ClassLoader.loadLibrary(ClassLoader.java:2434)
	at java.base/java.lang.Runtime.loadLibrary0(Runtime.java:818)
	at java.base/java.lang.System.loadLibrary(System.java:2006)
	at com.sun.glass.utils.NativeLibLoader.loadLibraryInternal(NativeLibLoader.java:170)
	at com.sun.glass.utils.NativeLibLoader.loadLibrary(NativeLibLoader.java:58)
	at com.sun.media.jfxmediaimpl.NativeMediaManager.lambda$new$0(NativeMediaManager.java:111)
	at java.base/java.security.AccessController.doPrivileged(AccessController.java:569)
	at com.sun.media.jfxmediaimpl.NativeMediaManager.<init>(NativeMediaManager.java:108)
	at com.sun.media.jfxmediaimpl.NativeMediaManager$NativeMediaManagerInitializer.<clinit>(NativeMediaManager.java:78)
	at com.sun.media.jfxmediaimpl.NativeMediaManager.getDefaultInstance(NativeMediaManager.java:90)
	at com.sun.media.jfxmedia.MediaManager.canPlayProtocol(MediaManager.java:78)
	at com.sun.media.jfxmedia.locator.Locator.<init>(Locator.java:240)
	at com.sun.media.jfxmediaimpl.NativeMediaAudioClip.<init>(NativeMediaAudioClip.java:53)
	at com.sun.media.jfxmediaimpl.NativeMediaAudioClip.load(NativeMediaAudioClip.java:63)
	at com.sun.media.jfxmediaimpl.AudioClipProvider.load(AudioClipProvider.java:66)
	at com.sun.media.jfxmedia.AudioClip.load(AudioClip.java:135)
	at javafx.scene.media.AudioClip.<init>(AudioClip.java:83)
	at start.Start.start(Start.java:146)
	at com.jpro.internal.config.ApplicationStarter$.$anonfun$startJApplication$1(ApplicationStarter.scala:131)
	at com.jpro.internal.config.ApplicationStarter$.$anonfun$startJApplication$1$adapted(ApplicationStarter.scala:128)
	at com.jpro.internal.communicator.InstanceImpl.start(InstanceImpl.scala:53)
	at com.jpro.internal.communicator.InstanceImpl.$anonfun$new$2(InstanceImpl.scala:45)
	at scala.runtime.java8.JFunction0$mcV$sp.apply(JFunction0$mcV$sp.java:23)
	at simplefx.cores.standard.parts.CoreTimeEvent.doIt$lzycompute$1(CoreTimeEvent.scala:147)
	at simplefx.cores.standard.parts.CoreTimeEvent.doIt$1(CoreTimeEvent.scala:145)
	at simplefx.cores.standard.parts.CoreTimeEvent.$anonfun$runOnceWhen$2(CoreTimeEvent.scala:149)
	at simplefx.cores.standard.parts.CoreTimeEvent.$anonfun$runOnceWhen$2$adapted(CoreTimeEvent.scala:149)
	at simplefx.cores.standard.parts.CoreTypesBindable$BindableImpl.$anonfun$triggerOnChange$3(CoreTypesBindable.scala:208)
	at simplefx.cores.standard.parts.CoreScheduler.runSchedulerImpl(CoreScheduler.scala:73)
	at simplefx.cores.standard.parts.CoreScheduler.runSchedulerImpl$(CoreScheduler.scala:52)
	at simplefx.cores.standard.Core.runSchedulerImpl(Core.scala:9)
	at simplefx.cores.standard.parts.CoreScheduler.tryStartSchedulerStop(CoreScheduler.scala:44)
	at simplefx.cores.standard.parts.CoreScheduler.tryStartSchedulerStop$(CoreScheduler.scala:42)
	at simplefx.cores.standard.Core.tryStartSchedulerStop(Core.scala:9)
	at com.jpro.internal.server.ViewSerializerActor$$anonfun$handleFirstClientMessage$1.$anonfun$applyOrElse$1(ViewSerializerActor.scala:67)
	at simplefx.cores.standard.parts.CoreTimeEvent$$anon$3.run(CoreTimeEvent.scala:62)
	at com.sun.javafx.application.PlatformImpl.lambda$runLater$10(PlatformImpl.java:457)
	at java.base/java.security.AccessController.doPrivileged(AccessController.java:399)
	at com.sun.javafx.application.PlatformImpl.lambda$runLater$11(PlatformImpl.java:456)
	at com.sun.glass.ui.monocle.RunnableProcessor.runLoop(RunnableProcessor.java:92)
	at com.sun.glass.ui.monocle.RunnableProcessor.run(RunnableProcessor.java:51)
	at java.base/java.lang.Thread.run(Thread.java:840)
2026-07-01 15:24:11,671 [WARN] from com.jpro.internal.communicator.InstanceImpl in JavaFX Application Thread - Application didn't show the stage. JPro is now calling show()
2026-07-01 15:26:05,701 [ERROR] from com.jpro.internal.communicator.InstanceImpl in JavaFX Application Thread - Error while starting application: 
java.lang.UnsatisfiedLinkError: no glib-lite in java.library.path: C:\pleiades\2026-03\java\17\bin;C:\Windows\Sun\Java\bin;C:\Windows\system32;C:\Windows;C:/pleiades/2026-03/eclipse//plugins/org.eclipse.justj.openjdk.hotspot.jre.full.win32.x86_64_21.0.11.v20260515-1531/jre/bin/server;C:/pleiades/2026-03/eclipse//plugins/org.eclipse.justj.openjdk.hotspot.jre.full.win32.x86_64_21.0.11.v20260515-1531/jre/bin;C:\Windows\system32;C:\Windows;C:\Windows\System32\Wbem;C:\Windows\System32\WindowsPowerShell\v1.0\;C:\Windows\System32\OpenSSH\;C:\Program Files\dotnet\;C:\Users\EMD-572\AppData\Local\Microsoft\WindowsApps;;C:\pleiades\2026-03\eclipse;;.
	at java.base/java.lang.ClassLoader.loadLibrary(ClassLoader.java:2434)
	at java.base/java.lang.Runtime.loadLibrary0(Runtime.java:818)
	at java.base/java.lang.System.loadLibrary(System.java:2006)
	at com.sun.glass.utils.NativeLibLoader.loadLibraryInternal(NativeLibLoader.java:170)
	at com.sun.glass.utils.NativeLibLoader.loadLibrary(NativeLibLoader.java:58)
	at com.sun.media.jfxmediaimpl.NativeMediaManager.lambda$new$0(NativeMediaManager.java:111)
	at java.base/java.security.AccessController.doPrivileged(AccessController.java:569)
	at com.sun.media.jfxmediaimpl.NativeMediaManager.<init>(NativeMediaManager.java:108)
	at com.sun.media.jfxmediaimpl.NativeMediaManager$NativeMediaManagerInitializer.<clinit>(NativeMediaManager.java:78)
	at com.sun.media.jfxmediaimpl.NativeMediaManager.getDefaultInstance(NativeMediaManager.java:90)
	at com.sun.media.jfxmedia.MediaManager.canPlayProtocol(MediaManager.java:78)
	at com.sun.media.jfxmedia.locator.Locator.<init>(Locator.java:240)
	at com.sun.media.jfxmediaimpl.NativeMediaAudioClip.<init>(NativeMediaAudioClip.java:53)
	at com.sun.media.jfxmediaimpl.NativeMediaAudioClip.load(NativeMediaAudioClip.java:63)
	at com.sun.media.jfxmediaimpl.AudioClipProvider.load(AudioClipProvider.java:66)
	at com.sun.media.jfxmedia.AudioClip.load(AudioClip.java:135)
	at javafx.scene.media.AudioClip.<init>(AudioClip.java:83)
	at start.Start.start(Start.java:146)
	at com.jpro.internal.config.ApplicationStarter$.$anonfun$startJApplication$1(ApplicationStarter.scala:131)
	at com.jpro.internal.config.ApplicationStarter$.$anonfun$startJApplication$1$adapted(ApplicationStarter.scala:128)
	at com.jpro.internal.communicator.InstanceImpl.start(InstanceImpl.scala:53)
	at com.jpro.internal.communicator.InstanceImpl.$anonfun$new$2(InstanceImpl.scala:45)
	at scala.runtime.java8.JFunction0$mcV$sp.apply(JFunction0$mcV$sp.java:23)
	at simplefx.cores.standard.parts.CoreTimeEvent.doIt$lzycompute$1(CoreTimeEvent.scala:147)
	at simplefx.cores.standard.parts.CoreTimeEvent.doIt$1(CoreTimeEvent.scala:145)
	at simplefx.cores.standard.parts.CoreTimeEvent.$anonfun$runOnceWhen$2(CoreTimeEvent.scala:149)
	at simplefx.cores.standard.parts.CoreTimeEvent.$anonfun$runOnceWhen$2$adapted(CoreTimeEvent.scala:149)
	at simplefx.cores.standard.parts.CoreTypesBindable$BindableImpl.$anonfun$triggerOnChange$3(CoreTypesBindable.scala:208)
	at simplefx.cores.standard.parts.CoreScheduler.runSchedulerImpl(CoreScheduler.scala:73)
	at simplefx.cores.standard.parts.CoreScheduler.runSchedulerImpl$(CoreScheduler.scala:52)
	at simplefx.cores.standard.Core.runSchedulerImpl(Core.scala:9)
	at simplefx.cores.standard.parts.CoreScheduler.tryStartSchedulerStop(CoreScheduler.scala:44)
	at simplefx.cores.standard.parts.CoreScheduler.tryStartSchedulerStop$(CoreScheduler.scala:42)
	at simplefx.cores.standard.Core.tryStartSchedulerStop(Core.scala:9)
	at com.jpro.internal.server.ViewSerializerActor$$anonfun$handleFirstClientMessage$1.$anonfun$applyOrElse$1(ViewSerializerActor.scala:67)
	at simplefx.cores.standard.parts.CoreTimeEvent$$anon$3.run(CoreTimeEvent.scala:62)
	at com.sun.javafx.application.PlatformImpl.lambda$runLater$10(PlatformImpl.java:457)
	at java.base/java.security.AccessController.doPrivileged(AccessController.java:399)
	at com.sun.javafx.application.PlatformImpl.lambda$runLater$11(PlatformImpl.java:456)
	at com.sun.glass.ui.monocle.RunnableProcessor.runLoop(RunnableProcessor.java:92)
	at com.sun.glass.ui.monocle.RunnableProcessor.run(RunnableProcessor.java:51)
	at java.base/java.lang.Thread.run(Thread.java:840)
2026-07-01 15:26:05,702 [WARN] from com.jpro.internal.communicator.InstanceImpl in JavaFX Application Thread - Application didn't show the stage. JPro is now calling show()
