2026-07-01 15:20:59,498 [INFO] from com.jpro.activity in scala-execution-context-global-30 - Starting the server
2026-07-01 15:20:59,500 [INFO] from com.jpro.internal.server.JProInitializer$ in scala-execution-context-global-30 -  *** Starting JPro: https://www.jpro.one/ ***
2026-07-01 15:20:59,500 [INFO] from com.jpro.internal.server.JProInitializer$ in scala-execution-context-global-30 - OS: Windows 11
2026-07-01 15:20:59,518 [INFO] from com.jpro.internal.server.JProInitializer$ in scala-execution-context-global-30 - JPro: 2024.1.0
2026-07-01 15:20:59,518 [INFO] from com.jpro.internal.server.JProInitializer$ in scala-execution-context-global-30 - Java version: 17.0.18
2026-07-01 15:20:59,518 [INFO] from com.jpro.internal.server.JProInitializer$ in scala-execution-context-global-30 - JVM: 17.0.18 Eclipse Adoptium
2026-07-01 15:20:59,523 [INFO] from com.jpro.internal.server.JProInitializer$ in scala-execution-context-global-30 - JavaFX jar: file:/C:/Users/EMD-572/.m2/repository/org/openjfx/javafx-graphics/21.0.2.4-jpro+0/javafx-graphics-21.0.2.4-jpro+0-win.jar
2026-07-01 15:20:59,525 [INFO] from com.jpro.internal.server.JProInitializer$ in scala-execution-context-global-30 - Configuring logging from url: 'jar:file:/C:/Users/EMD-572/.m2/repository/com/sandec/jpro/jpro-server_2.12/2024.1.0/jpro-server_2.12-2024.1.0.jar!/logback-jpro-default.xml'
2026-07-01 15:21:00,160 [INFO] from com.jpro.internal.server.JProInitializer$ in JavaFX Application Thread - JavaFX version: 21.0.2.4-jpro+0
2026-07-01 15:21:00,167 [INFO] from akka.event.slf4j.Slf4jLogger in application-akka.actor.default-dispatcher-5 - Slf4jLogger started
2026-07-01 15:21:00,213 [INFO] from com.jpro.internal.server.JProInitializer$ in scala-execution-context-global-30 - finished init!
2026-07-01 15:21:00,216 [INFO] from com.jpro.internal.server.JProInitializer$ in scala-execution-context-global-30 - [JPro] -> Server started: {start_time: 1782886859497, os_name: Windows 11, jpro_version: 2024.1.0}
2026-07-01 15:21:00,562 [INFO] from play.api.Play in Thread-0 - Application started (Prod) (no global state)
2026-07-01 15:21:00,887 [INFO] from play.core.server.AkkaHttpServer in Thread-0 - Enabling HTTP/2 on Akka HTTP server...
2026-07-01 15:21:00,887 [INFO] from play.core.server.AkkaHttpServer in Thread-0 - Listening for HTTP on /[0:0:0:0:0:0:0:0]:8080
2026-07-01 15:21:01,481 [INFO] from controllers.jpro in application-akka.actor.default-dispatcher-6 - application requested: default
2026-07-01 15:21:01,489 [INFO] from controllers.jpro in application-akka.actor.default-dispatcher-6 - Creating Application: default
2026-07-01 15:21:01,493 [INFO] from controllers.jpro in application-akka.actor.default-dispatcher-6 - remoteAddress 0:0:0:0:0:0:0:1
2026-07-01 15:21:01,494 [INFO] from controllers.jpro in application-akka.actor.default-dispatcher-6 - host          localhost:8080
2026-07-01 15:21:01,496 [INFO] from controllers.jpro in application-akka.actor.default-dispatcher-6 - uri           /app/ws/default
2026-07-01 15:21:01,650 [INFO] from com.jpro.internal.stats.ViewInfo$ in JavaFX Application Thread - [JPro] -> View created: {app_name: default, host_name: localhost:8080, instance_id: 832432863, browser: Google Chrome 149.0.0.0, browser_url: http://localhost:8080/, client_ip: 0:0:0:0:0:0:0:1}
2026-07-01 15:21:01,835 [ERROR] from com.jpro.internal.communicator.InstanceImpl in JavaFX Application Thread - Error while starting application: 
java.lang.UnsatisfiedLinkError: no glib-lite in java.library.path: C:\pleiades\2026-03\java\17\bin;C:\Windows\Sun\Java\bin;C:\Windows\system32;C:\Windows;C:/pleiades/2026-03/eclipse//plugins/org.eclipse.justj.openjdk.hotspot.jre.full.win32.x86_64_21.0.11.v20260515-1531/jre/bin/server;C:/pleiades/2026-03/eclipse//plugins/org.eclipse.justj.openjdk.hotspot.jre.full.win32.x86_64_21.0.11.v20260515-1531/jre/bin;C:\Windows\system32;C:\Windows;C:\Windows\System32\Wbem;C:\Windows\System32\WindowsPowerShell\v1.0\;C:\Windows\System32\OpenSSH\;C:\Program Files\dotnet\;C:\Users\EMD-572\AppData\Local\Microsoft\WindowsApps;;C:\pleiades\2026-03\eclipse;;.
	at java.base/java.lang.ClassLoader.loadLibrary(ClassLoader.java:2434)
	at java.base/java.lang.Runtime.loadLibrary0(Runtime.java:818)
	at java.base/java.lang.System.loadLibrary(System.java:2006)
	at com.sun.glass.utils.NativeLibLoader.loadLibraryInternal(NativeLibLoader.java:170)
	at com.sun.glass.utils.NativeLibLoader.loadLibrary(NativeLibLoader.java:58)
	at com.sun.media.jfxmediaimpl.NativeMediaManager.lambda$new$0(NativeMediaManager.java:111)
	at java.base/java.security.AccessController.doPrivileged(AccessController.java:569)
	at com.sun.media.jfxmediaimpl.NativeMediaManager.<init>(NativeMediaManager.java:108)
	at com.sun.media.jfxmediaimpl.NativeMediaManager$NativeMediaManagerInitializer.<clinit>(NativeMediaManager.java:78)
	at com.sun.media.jfxmediaimpl.NativeMediaManager.getDefaultInstance(NativeMediaManager.java:90)
	at com.sun.media.jfxmedia.MediaManager.canPlayProtocol(MediaManager.java:78)
	at com.sun.media.jfxmedia.locator.Locator.<init>(Locator.java:240)
	at javafx.scene.media.Media.<init>(Media.java:392)
	at start.Bgm.playBGM(Bgm.java:14)
	at start.Start.start(Start.java:142)
	at com.jpro.internal.config.ApplicationStarter$.$anonfun$startJApplication$1(ApplicationStarter.scala:131)
	at com.jpro.internal.config.ApplicationStarter$.$anonfun$startJApplication$1$adapted(ApplicationStarter.scala:128)
	at com.jpro.internal.communicator.InstanceImpl.start(InstanceImpl.scala:53)
	at com.jpro.internal.communicator.InstanceImpl.$anonfun$new$2(InstanceImpl.scala:45)
	at scala.runtime.java8.JFunction0$mcV$sp.apply(JFunction0$mcV$sp.java:23)
	at simplefx.cores.standard.parts.CoreTimeEvent.doIt$lzycompute$1(CoreTimeEvent.scala:147)
	at simplefx.cores.standard.parts.CoreTimeEvent.doIt$1(CoreTimeEvent.scala:145)
	at simplefx.cores.standard.parts.CoreTimeEvent.$anonfun$runOnceWhen$2(CoreTimeEvent.scala:149)
	at simplefx.cores.standard.parts.CoreTimeEvent.$anonfun$runOnceWhen$2$adapted(CoreTimeEvent.scala:149)
	at simplefx.cores.standard.parts.CoreTypesBindable$BindableImpl.$anonfun$triggerOnChange$3(CoreTypesBindable.scala:208)
	at simplefx.cores.standard.parts.CoreScheduler.runSchedulerImpl(CoreScheduler.scala:73)
	at simplefx.cores.standard.parts.CoreScheduler.runSchedulerImpl$(CoreScheduler.scala:52)
	at simplefx.cores.standard.Core.runSchedulerImpl(Core.scala:9)
	at simplefx.cores.standard.parts.CoreScheduler.tryStartSchedulerStop(CoreScheduler.scala:44)
	at simplefx.cores.standard.parts.CoreScheduler.tryStartSchedulerStop$(CoreScheduler.scala:42)
	at simplefx.cores.standard.Core.tryStartSchedulerStop(Core.scala:9)
	at com.jpro.internal.server.ViewSerializerActor$$anonfun$handleFirstClientMessage$1.$anonfun$applyOrElse$1(ViewSerializerActor.scala:67)
	at simplefx.cores.standard.parts.CoreTimeEvent$$anon$3.run(CoreTimeEvent.scala:62)
	at com.sun.javafx.application.PlatformImpl.lambda$runLater$10(PlatformImpl.java:457)
	at java.base/java.security.AccessController.doPrivileged(AccessController.java:399)
	at com.sun.javafx.application.PlatformImpl.lambda$runLater$11(PlatformImpl.java:456)
	at com.sun.glass.ui.monocle.RunnableProcessor.runLoop(RunnableProcessor.java:92)
	at com.sun.glass.ui.monocle.RunnableProcessor.run(RunnableProcessor.java:51)
	at java.base/java.lang.Thread.run(Thread.java:840)
2026-07-01 15:21:01,836 [WARN] from com.jpro.internal.communicator.InstanceImpl in JavaFX Application Thread - Application didn't show the stage. JPro is now calling show()
2026-07-01 15:21:02,599 [INFO] from com.jpro.meta.stream.Util$ in JavaFX Application Thread - WORKAROUND! setting XY for Window because current XY is NaN
2026-07-01 15:24:09,437 [INFO] from com.jpro.activity in scala-execution-context-global-30 - Starting the server
2026-07-01 15:24:09,439 [INFO] from com.jpro.internal.server.JProInitializer$ in scala-execution-context-global-30 -  *** Starting JPro: https://www.jpro.one/ ***
2026-07-01 15:24:09,439 [INFO] from com.jpro.internal.server.JProInitializer$ in scala-execution-context-global-30 - OS: Windows 11
2026-07-01 15:24:09,454 [INFO] from com.jpro.internal.server.JProInitializer$ in scala-execution-context-global-30 - JPro: 2024.1.0
2026-07-01 15:24:09,454 [INFO] from com.jpro.internal.server.JProInitializer$ in scala-execution-context-global-30 - Java version: 17.0.18
2026-07-01 15:24:09,454 [INFO] from com.jpro.internal.server.JProInitializer$ in scala-execution-context-global-30 - JVM: 17.0.18 Eclipse Adoptium
2026-07-01 15:24:09,456 [INFO] from com.jpro.internal.server.JProInitializer$ in scala-execution-context-global-30 - JavaFX jar: file:/C:/Users/EMD-572/.m2/repository/org/openjfx/javafx-graphics/21.0.2.4-jpro+0/javafx-graphics-21.0.2.4-jpro+0-win.jar
2026-07-01 15:24:09,458 [INFO] from com.jpro.internal.server.JProInitializer$ in scala-execution-context-global-30 - Configuring logging from url: 'jar:file:/C:/Users/EMD-572/.m2/repository/com/sandec/jpro/jpro-server_2.12/2024.1.0/jpro-server_2.12-2024.1.0.jar!/logback-jpro-default.xml'
2026-07-01 15:24:10,073 [INFO] from com.jpro.internal.server.JProInitializer$ in JavaFX Application Thread - JavaFX version: 21.0.2.4-jpro+0
2026-07-01 15:24:10,120 [INFO] from akka.event.slf4j.Slf4jLogger in application-akka.actor.default-dispatcher-5 - Slf4jLogger started
2026-07-01 15:24:10,130 [INFO] from com.jpro.internal.server.JProInitializer$ in scala-execution-context-global-30 - finished init!
2026-07-01 15:24:10,133 [INFO] from com.jpro.internal.server.JProInitializer$ in scala-execution-context-global-30 - [JPro] -> Server started: {start_time: 1782887049436, os_name: Windows 11, jpro_version: 2024.1.0}
2026-07-01 15:24:10,522 [INFO] from play.api.Play in Thread-0 - Application started (Prod) (no global state)
2026-07-01 15:24:10,864 [INFO] from play.core.server.AkkaHttpServer in Thread-0 - Enabling HTTP/2 on Akka HTTP server...
2026-07-01 15:24:10,864 [INFO] from play.core.server.AkkaHttpServer in Thread-0 - Listening for HTTP on /[0:0:0:0:0:0:0:0]:8080
2026-07-01 15:24:11,335 [INFO] from controllers.jpro in application-akka.actor.default-dispatcher-9 - application requested: default
2026-07-01 15:24:11,342 [INFO] from controllers.jpro in application-akka.actor.default-dispatcher-9 - Creating Application: default
2026-07-01 15:24:11,344 [INFO] from controllers.jpro in application-akka.actor.default-dispatcher-9 - remoteAddress 0:0:0:0:0:0:0:1
2026-07-01 15:24:11,345 [INFO] from controllers.jpro in application-akka.actor.default-dispatcher-9 - host          localhost:8080
2026-07-01 15:24:11,345 [INFO] from controllers.jpro in application-akka.actor.default-dispatcher-9 - uri           /app/ws/default
2026-07-01 15:24:11,489 [INFO] from com.jpro.internal.stats.ViewInfo$ in JavaFX Application Thread - [JPro] -> View created: {app_name: default, host_name: localhost:8080, instance_id: 1797591777, browser: Google Chrome 149.0.0.0, browser_url: http://localhost:8080/, client_ip: 0:0:0:0:0:0:0:1}
2026-07-01 15:24:11,669 [ERROR] from com.jpro.internal.communicator.InstanceImpl in JavaFX Application Thread - Error while starting application: 
java.lang.UnsatisfiedLinkError: no glib-lite in java.library.path: C:\pleiades\2026-03\java\17\bin;C:\Windows\Sun\Java\bin;C:\Windows\system32;C:\Windows;C:/pleiades/2026-03/eclipse//plugins/org.eclipse.justj.openjdk.hotspot.jre.full.win32.x86_64_21.0.11.v20260515-1531/jre/bin/server;C:/pleiades/2026-03/eclipse//plugins/org.eclipse.justj.openjdk.hotspot.jre.full.win32.x86_64_21.0.11.v20260515-1531/jre/bin;C:\Windows\system32;C:\Windows;C:\Windows\System32\Wbem;C:\Windows\System32\WindowsPowerShell\v1.0\;C:\Windows\System32\OpenSSH\;C:\Program Files\dotnet\;C:\Users\EMD-572\AppData\Local\Microsoft\WindowsApps;;C:\pleiades\2026-03\eclipse;;.
	at java.base/java.lang.ClassLoader.loadLibrary(ClassLoader.java:2434)
	at java.base/java.lang.Runtime.loadLibrary0(Runtime.java:818)
	at java.base/java.lang.System.loadLibrary(System.java:2006)
	at com.sun.glass.utils.NativeLibLoader.loadLibraryInternal(NativeLibLoader.java:170)
	at com.sun.glass.utils.NativeLibLoader.loadLibrary(NativeLibLoader.java:58)
	at com.sun.media.jfxmediaimpl.NativeMediaManager.lambda$new$0(NativeMediaManager.java:111)
	at java.base/java.security.AccessController.doPrivileged(AccessController.java:569)
	at com.sun.media.jfxmediaimpl.NativeMediaManager.<init>(NativeMediaManager.java:108)
	at com.sun.media.jfxmediaimpl.NativeMediaManager$NativeMediaManagerInitializer.<clinit>(NativeMediaManager.java:78)
	at com.sun.media.jfxmediaimpl.NativeMediaManager.getDefaultInstance(NativeMediaManager.java:90)
	at com.sun.media.jfxmedia.MediaManager.canPlayProtocol(MediaManager.java:78)
	at com.sun.media.jfxmedia.locator.Locator.<init>(Locator.java:240)
	at com.sun.media.jfxmediaimpl.NativeMediaAudioClip.<init>(NativeMediaAudioClip.java:53)
	at com.sun.media.jfxmediaimpl.NativeMediaAudioClip.load(NativeMediaAudioClip.java:63)
	at com.sun.media.jfxmediaimpl.AudioClipProvider.load(AudioClipProvider.java:66)
	at com.sun.media.jfxmedia.AudioClip.load(AudioClip.java:135)
	at javafx.scene.media.AudioClip.<init>(AudioClip.java:83)
	at start.Start.start(Start.java:146)
	at com.jpro.internal.config.ApplicationStarter$.$anonfun$startJApplication$1(ApplicationStarter.scala:131)
	at com.jpro.internal.config.ApplicationStarter$.$anonfun$startJApplication$1$adapted(ApplicationStarter.scala:128)
	at com.jpro.internal.communicator.InstanceImpl.start(InstanceImpl.scala:53)
	at com.jpro.internal.communicator.InstanceImpl.$anonfun$new$2(InstanceImpl.scala:45)
	at scala.runtime.java8.JFunction0$mcV$sp.apply(JFunction0$mcV$sp.java:23)
	at simplefx.cores.standard.parts.CoreTimeEvent.doIt$lzycompute$1(CoreTimeEvent.scala:147)
	at simplefx.cores.standard.parts.CoreTimeEvent.doIt$1(CoreTimeEvent.scala:145)
	at simplefx.cores.standard.parts.CoreTimeEvent.$anonfun$runOnceWhen$2(CoreTimeEvent.scala:149)
	at simplefx.cores.standard.parts.CoreTimeEvent.$anonfun$runOnceWhen$2$adapted(CoreTimeEvent.scala:149)
	at simplefx.cores.standard.parts.CoreTypesBindable$BindableImpl.$anonfun$triggerOnChange$3(CoreTypesBindable.scala:208)
	at simplefx.cores.standard.parts.CoreScheduler.runSchedulerImpl(CoreScheduler.scala:73)
	at simplefx.cores.standard.parts.CoreScheduler.runSchedulerImpl$(CoreScheduler.scala:52)
	at simplefx.cores.standard.Core.runSchedulerImpl(Core.scala:9)
	at simplefx.cores.standard.parts.CoreScheduler.tryStartSchedulerStop(CoreScheduler.scala:44)
	at simplefx.cores.standard.parts.CoreScheduler.tryStartSchedulerStop$(CoreScheduler.scala:42)
	at simplefx.cores.standard.Core.tryStartSchedulerStop(Core.scala:9)
	at com.jpro.internal.server.ViewSerializerActor$$anonfun$handleFirstClientMessage$1.$anonfun$applyOrElse$1(ViewSerializerActor.scala:67)
	at simplefx.cores.standard.parts.CoreTimeEvent$$anon$3.run(CoreTimeEvent.scala:62)
	at com.sun.javafx.application.PlatformImpl.lambda$runLater$10(PlatformImpl.java:457)
	at java.base/java.security.AccessController.doPrivileged(AccessController.java:399)
	at com.sun.javafx.application.PlatformImpl.lambda$runLater$11(PlatformImpl.java:456)
	at com.sun.glass.ui.monocle.RunnableProcessor.runLoop(RunnableProcessor.java:92)
	at com.sun.glass.ui.monocle.RunnableProcessor.run(RunnableProcessor.java:51)
	at java.base/java.lang.Thread.run(Thread.java:840)
2026-07-01 15:24:11,671 [WARN] from com.jpro.internal.communicator.InstanceImpl in JavaFX Application Thread - Application didn't show the stage. JPro is now calling show()
2026-07-01 15:24:12,451 [INFO] from com.jpro.meta.stream.Util$ in JavaFX Application Thread - WORKAROUND! setting XY for Window because current XY is NaN
2026-07-01 15:26:03,574 [INFO] from com.jpro.activity in scala-execution-context-global-30 - Starting the server
2026-07-01 15:26:03,575 [INFO] from com.jpro.internal.server.JProInitializer$ in scala-execution-context-global-30 -  *** Starting JPro: https://www.jpro.one/ ***
2026-07-01 15:26:03,576 [INFO] from com.jpro.internal.server.JProInitializer$ in scala-execution-context-global-30 - OS: Windows 11
2026-07-01 15:26:03,591 [INFO] from com.jpro.internal.server.JProInitializer$ in scala-execution-context-global-30 - JPro: 2024.1.0
2026-07-01 15:26:03,591 [INFO] from com.jpro.internal.server.JProInitializer$ in scala-execution-context-global-30 - Java version: 17.0.18
2026-07-01 15:26:03,591 [INFO] from com.jpro.internal.server.JProInitializer$ in scala-execution-context-global-30 - JVM: 17.0.18 Eclipse Adoptium
2026-07-01 15:26:03,593 [INFO] from com.jpro.internal.server.JProInitializer$ in scala-execution-context-global-30 - JavaFX jar: file:/C:/Users/EMD-572/.m2/repository/org/openjfx/javafx-graphics/21.0.2.4-jpro+0/javafx-graphics-21.0.2.4-jpro+0-win.jar
2026-07-01 15:26:03,597 [INFO] from com.jpro.internal.server.JProInitializer$ in scala-execution-context-global-30 - Configuring logging from url: 'jar:file:/C:/Users/EMD-572/.m2/repository/com/sandec/jpro/jpro-server_2.12/2024.1.0/jpro-server_2.12-2024.1.0.jar!/logback-jpro-default.xml'
2026-07-01 15:26:04,245 [INFO] from akka.event.slf4j.Slf4jLogger in application-akka.actor.default-dispatcher-4 - Slf4jLogger started
2026-07-01 15:26:04,279 [INFO] from com.jpro.internal.server.JProInitializer$ in JavaFX Application Thread - JavaFX version: 21.0.2.4-jpro+0
2026-07-01 15:26:04,341 [INFO] from com.jpro.internal.server.JProInitializer$ in scala-execution-context-global-30 - finished init!
2026-07-01 15:26:04,343 [INFO] from com.jpro.internal.server.JProInitializer$ in scala-execution-context-global-30 - [JPro] -> Server started: {start_time: 1782887163573, os_name: Windows 11, jpro_version: 2024.1.0}
2026-07-01 15:26:04,671 [INFO] from play.api.Play in Thread-0 - Application started (Prod) (no global state)
2026-07-01 15:26:04,993 [INFO] from play.core.server.AkkaHttpServer in Thread-0 - Enabling HTTP/2 on Akka HTTP server...
2026-07-01 15:26:04,994 [INFO] from play.core.server.AkkaHttpServer in Thread-0 - Listening for HTTP on /[0:0:0:0:0:0:0:0]:8080
2026-07-01 15:26:05,389 [INFO] from controllers.jpro in application-akka.actor.default-dispatcher-10 - application requested: default
2026-07-01 15:26:05,394 [INFO] from controllers.jpro in application-akka.actor.default-dispatcher-10 - Creating Application: default
2026-07-01 15:26:05,396 [INFO] from controllers.jpro in application-akka.actor.default-dispatcher-10 - remoteAddress 0:0:0:0:0:0:0:1
2026-07-01 15:26:05,397 [INFO] from controllers.jpro in application-akka.actor.default-dispatcher-10 - host          localhost:8080
2026-07-01 15:26:05,397 [INFO] from controllers.jpro in application-akka.actor.default-dispatcher-10 - uri           /app/ws/default
2026-07-01 15:26:05,542 [INFO] from com.jpro.internal.stats.ViewInfo$ in JavaFX Application Thread - [JPro] -> View created: {app_name: default, host_name: localhost:8080, instance_id: 132794878, browser: Google Chrome 149.0.0.0, browser_url: http://localhost:8080/, client_ip: 0:0:0:0:0:0:0:1}
2026-07-01 15:26:05,701 [ERROR] from com.jpro.internal.communicator.InstanceImpl in JavaFX Application Thread - Error while starting application: 
java.lang.UnsatisfiedLinkError: no glib-lite in java.library.path: C:\pleiades\2026-03\java\17\bin;C:\Windows\Sun\Java\bin;C:\Windows\system32;C:\Windows;C:/pleiades/2026-03/eclipse//plugins/org.eclipse.justj.openjdk.hotspot.jre.full.win32.x86_64_21.0.11.v20260515-1531/jre/bin/server;C:/pleiades/2026-03/eclipse//plugins/org.eclipse.justj.openjdk.hotspot.jre.full.win32.x86_64_21.0.11.v20260515-1531/jre/bin;C:\Windows\system32;C:\Windows;C:\Windows\System32\Wbem;C:\Windows\System32\WindowsPowerShell\v1.0\;C:\Windows\System32\OpenSSH\;C:\Program Files\dotnet\;C:\Users\EMD-572\AppData\Local\Microsoft\WindowsApps;;C:\pleiades\2026-03\eclipse;;.
	at java.base/java.lang.ClassLoader.loadLibrary(ClassLoader.java:2434)
	at java.base/java.lang.Runtime.loadLibrary0(Runtime.java:818)
	at java.base/java.lang.System.loadLibrary(System.java:2006)
	at com.sun.glass.utils.NativeLibLoader.loadLibraryInternal(NativeLibLoader.java:170)
	at com.sun.glass.utils.NativeLibLoader.loadLibrary(NativeLibLoader.java:58)
	at com.sun.media.jfxmediaimpl.NativeMediaManager.lambda$new$0(NativeMediaManager.java:111)
	at java.base/java.security.AccessController.doPrivileged(AccessController.java:569)
	at com.sun.media.jfxmediaimpl.NativeMediaManager.<init>(NativeMediaManager.java:108)
	at com.sun.media.jfxmediaimpl.NativeMediaManager$NativeMediaManagerInitializer.<clinit>(NativeMediaManager.java:78)
	at com.sun.media.jfxmediaimpl.NativeMediaManager.getDefaultInstance(NativeMediaManager.java:90)
	at com.sun.media.jfxmedia.MediaManager.canPlayProtocol(MediaManager.java:78)
	at com.sun.media.jfxmedia.locator.Locator.<init>(Locator.java:240)
	at com.sun.media.jfxmediaimpl.NativeMediaAudioClip.<init>(NativeMediaAudioClip.java:53)
	at com.sun.media.jfxmediaimpl.NativeMediaAudioClip.load(NativeMediaAudioClip.java:63)
	at com.sun.media.jfxmediaimpl.AudioClipProvider.load(AudioClipProvider.java:66)
	at com.sun.media.jfxmedia.AudioClip.load(AudioClip.java:135)
	at javafx.scene.media.AudioClip.<init>(AudioClip.java:83)
	at start.Start.start(Start.java:146)
	at com.jpro.internal.config.ApplicationStarter$.$anonfun$startJApplication$1(ApplicationStarter.scala:131)
	at com.jpro.internal.config.ApplicationStarter$.$anonfun$startJApplication$1$adapted(ApplicationStarter.scala:128)
	at com.jpro.internal.communicator.InstanceImpl.start(InstanceImpl.scala:53)
	at com.jpro.internal.communicator.InstanceImpl.$anonfun$new$2(InstanceImpl.scala:45)
	at scala.runtime.java8.JFunction0$mcV$sp.apply(JFunction0$mcV$sp.java:23)
	at simplefx.cores.standard.parts.CoreTimeEvent.doIt$lzycompute$1(CoreTimeEvent.scala:147)
	at simplefx.cores.standard.parts.CoreTimeEvent.doIt$1(CoreTimeEvent.scala:145)
	at simplefx.cores.standard.parts.CoreTimeEvent.$anonfun$runOnceWhen$2(CoreTimeEvent.scala:149)
	at simplefx.cores.standard.parts.CoreTimeEvent.$anonfun$runOnceWhen$2$adapted(CoreTimeEvent.scala:149)
	at simplefx.cores.standard.parts.CoreTypesBindable$BindableImpl.$anonfun$triggerOnChange$3(CoreTypesBindable.scala:208)
	at simplefx.cores.standard.parts.CoreScheduler.runSchedulerImpl(CoreScheduler.scala:73)
	at simplefx.cores.standard.parts.CoreScheduler.runSchedulerImpl$(CoreScheduler.scala:52)
	at simplefx.cores.standard.Core.runSchedulerImpl(Core.scala:9)
	at simplefx.cores.standard.parts.CoreScheduler.tryStartSchedulerStop(CoreScheduler.scala:44)
	at simplefx.cores.standard.parts.CoreScheduler.tryStartSchedulerStop$(CoreScheduler.scala:42)
	at simplefx.cores.standard.Core.tryStartSchedulerStop(Core.scala:9)
	at com.jpro.internal.server.ViewSerializerActor$$anonfun$handleFirstClientMessage$1.$anonfun$applyOrElse$1(ViewSerializerActor.scala:67)
	at simplefx.cores.standard.parts.CoreTimeEvent$$anon$3.run(CoreTimeEvent.scala:62)
	at com.sun.javafx.application.PlatformImpl.lambda$runLater$10(PlatformImpl.java:457)
	at java.base/java.security.AccessController.doPrivileged(AccessController.java:399)
	at com.sun.javafx.application.PlatformImpl.lambda$runLater$11(PlatformImpl.java:456)
	at com.sun.glass.ui.monocle.RunnableProcessor.runLoop(RunnableProcessor.java:92)
	at com.sun.glass.ui.monocle.RunnableProcessor.run(RunnableProcessor.java:51)
	at java.base/java.lang.Thread.run(Thread.java:840)
2026-07-01 15:26:05,702 [WARN] from com.jpro.internal.communicator.InstanceImpl in JavaFX Application Thread - Application didn't show the stage. JPro is now calling show()
2026-07-01 15:26:06,501 [INFO] from com.jpro.meta.stream.Util$ in JavaFX Application Thread - WORKAROUND! setting XY for Window because current XY is NaN
2026-07-01 15:32:53,289 [INFO] from com.jpro.activity in scala-execution-context-global-30 - Starting the server
2026-07-01 15:32:53,291 [INFO] from com.jpro.internal.server.JProInitializer$ in scala-execution-context-global-30 -  *** Starting JPro: https://www.jpro.one/ ***
2026-07-01 15:32:53,291 [INFO] from com.jpro.internal.server.JProInitializer$ in scala-execution-context-global-30 - OS: Windows 11
2026-07-01 15:32:53,308 [INFO] from com.jpro.internal.server.JProInitializer$ in scala-execution-context-global-30 - JPro: 2024.1.0
2026-07-01 15:32:53,308 [INFO] from com.jpro.internal.server.JProInitializer$ in scala-execution-context-global-30 - Java version: 17.0.18
2026-07-01 15:32:53,308 [INFO] from com.jpro.internal.server.JProInitializer$ in scala-execution-context-global-30 - JVM: 17.0.18 Eclipse Adoptium
2026-07-01 15:32:53,310 [INFO] from com.jpro.internal.server.JProInitializer$ in scala-execution-context-global-30 - JavaFX jar: file:/C:/Users/EMD-572/.m2/repository/org/openjfx/javafx-graphics/21.0.2.4-jpro+0/javafx-graphics-21.0.2.4-jpro+0-win.jar
2026-07-01 15:32:53,312 [INFO] from com.jpro.internal.server.JProInitializer$ in scala-execution-context-global-30 - Configuring logging from url: 'jar:file:/C:/Users/EMD-572/.m2/repository/com/sandec/jpro/jpro-server_2.12/2024.1.0/jpro-server_2.12-2024.1.0.jar!/logback-jpro-default.xml'
2026-07-01 15:32:53,916 [INFO] from com.jpro.internal.server.JProInitializer$ in JavaFX Application Thread - JavaFX version: 21.0.2.4-jpro+0
2026-07-01 15:32:53,950 [INFO] from akka.event.slf4j.Slf4jLogger in application-akka.actor.default-dispatcher-5 - Slf4jLogger started
2026-07-01 15:32:53,953 [INFO] from com.jpro.internal.server.JProInitializer$ in scala-execution-context-global-30 - finished init!
2026-07-01 15:32:53,954 [INFO] from com.jpro.internal.server.JProInitializer$ in scala-execution-context-global-30 - [JPro] -> Server started: {start_time: 1782887573289, os_name: Windows 11, jpro_version: 2024.1.0}
2026-07-01 15:32:54,368 [INFO] from play.api.Play in Thread-0 - Application started (Prod) (no global state)
2026-07-01 15:32:54,694 [INFO] from play.core.server.AkkaHttpServer in Thread-0 - Enabling HTTP/2 on Akka HTTP server...
2026-07-01 15:32:54,695 [INFO] from play.core.server.AkkaHttpServer in Thread-0 - Listening for HTTP on /[0:0:0:0:0:0:0:0]:8080
2026-07-01 15:32:55,173 [INFO] from controllers.jpro in application-akka.actor.default-dispatcher-5 - application requested: default
2026-07-01 15:32:55,179 [INFO] from controllers.jpro in application-akka.actor.default-dispatcher-5 - Creating Application: default
2026-07-01 15:32:55,180 [INFO] from controllers.jpro in application-akka.actor.default-dispatcher-5 - remoteAddress 0:0:0:0:0:0:0:1
2026-07-01 15:32:55,181 [INFO] from controllers.jpro in application-akka.actor.default-dispatcher-5 - host          localhost:8080
2026-07-01 15:32:55,181 [INFO] from controllers.jpro in application-akka.actor.default-dispatcher-5 - uri           /app/ws/default
2026-07-01 15:32:55,369 [INFO] from com.jpro.internal.stats.ViewInfo$ in JavaFX Application Thread - [JPro] -> View created: {app_name: default, host_name: localhost:8080, instance_id: 1460431296, browser: Google Chrome 149.0.0.0, browser_url: http://localhost:8080/, client_ip: 0:0:0:0:0:0:0:1}
2026-07-01 15:32:55,649 [INFO] from com.jpro.internal.communicator.InstanceImpl in JavaFX Application Thread - [JPro] -> Instance created: {app_name: default, host_name: localhost:8080, instance_id: 1460431296, browser: Google Chrome 149.0.0.0, browser_url: http://localhost:8080/, client_ip: 0:0:0:0:0:0:0:1}
2026-07-01 15:33:10,463 [INFO] from com.jpro.internal.stats.ViewInfo$ in JavaFX Application Thread - [JPro] -> View closed: {app_name: default, host_name: localhost:8080, instance_id: 1460431296, browser: Google Chrome 149.0.0.0, browser_url: http://localhost:8080/, client_ip: 0:0:0:0:0:0:0:1, reason: tab-closed}
2026-07-01 15:33:10,467 [INFO] from com.jpro.internal.stats.ViewInfo$ in JavaFX Application Thread - 
2026-07-01 15:33:10,467 [INFO] from com.jpro.internal.stats.ViewInfo$ in JavaFX Application Thread - Application closed:
2026-07-01 15:33:10,477 [INFO] from com.jpro.internal.stats.ViewInfo$ in JavaFX Application Thread - startTime      : Wed Jul 01 15:33:10 JST 2026      
2026-07-01 15:33:10,477 [INFO] from com.jpro.internal.stats.ViewInfo$ in JavaFX Application Thread - averageLatency : 00:00:00.001 
2026-07-01 15:33:10,477 [INFO] from com.jpro.internal.stats.ViewInfo$ in JavaFX Application Thread - averageJitter  : 00:00:00.000  
2026-07-01 15:33:10,478 [INFO] from com.jpro.internal.stats.ViewInfo$ in JavaFX Application Thread - framerateServer: 00:00:00.000
2026-07-01 15:33:10,478 [INFO] from com.jpro.internal.stats.ViewInfo$ in JavaFX Application Thread - framerateClient: 00:00:00.000
2026-07-01 15:33:10,478 [INFO] from com.jpro.internal.stats.ViewInfo$ in JavaFX Application Thread - raw            : 429772
2026-07-01 15:33:10,478 [INFO] from com.jpro.internal.stats.ViewInfo$ in JavaFX Application Thread - zipped         : 127724
2026-07-01 15:33:10,478 [INFO] from com.jpro.internal.stats.ViewInfo$ in JavaFX Application Thread - 
2026-07-01 15:33:10,483 [INFO] from controllers.jpro in application-akka.actor.default-dispatcher-10 - application requested: default
2026-07-01 15:33:10,484 [INFO] from controllers.jpro in application-akka.actor.default-dispatcher-10 - Creating Application: default
2026-07-01 15:33:10,484 [INFO] from controllers.jpro in application-akka.actor.default-dispatcher-10 - remoteAddress 0:0:0:0:0:0:0:1
2026-07-01 15:33:10,484 [INFO] from controllers.jpro in application-akka.actor.default-dispatcher-10 - host          localhost:8080
2026-07-01 15:33:10,484 [INFO] from controllers.jpro in application-akka.actor.default-dispatcher-10 - uri           /app/ws/default
2026-07-01 15:33:10,498 [INFO] from com.jpro.internal.stats.ViewInfo$ in JavaFX Application Thread - [JPro] -> View created: {app_name: default, host_name: localhost:8080, instance_id: 2138793388, browser: Google Chrome 149.0.0.0, browser_url: http://localhost:8080/, client_ip: 0:0:0:0:0:0:0:1}
2026-07-01 15:33:10,553 [INFO] from com.jpro.internal.communicator.InstanceImpl in JavaFX Application Thread - [JPro] -> Instance created: {app_name: default, host_name: localhost:8080, instance_id: 2138793388, browser: Google Chrome 149.0.0.0, browser_url: http://localhost:8080/, client_ip: 0:0:0:0:0:0:0:1}
2026-07-01 15:33:11,460 [INFO] from com.jpro.internal.communicator.InstanceImpl in JavaFX Application Thread - [JPro] -> Instance closed: {app_name: default, host_name: localhost:8080, instance_id: 1460431296, browser: Google Chrome 149.0.0.0, browser_url: http://localhost:8080/, client_ip: 0:0:0:0:0:0:0:1, reason: close-tab-closed}
2026-07-01 16:33:20,569 [INFO] from controllers.jpro in application-akka.actor.default-dispatcher-19 - application requested: default
2026-07-01 16:33:20,569 [INFO] from controllers.jpro in application-akka.actor.default-dispatcher-19 - Creating Application: default
2026-07-01 16:33:20,575 [INFO] from controllers.jpro in application-akka.actor.default-dispatcher-19 - remoteAddress 114.172.95.146
2026-07-01 16:33:20,575 [INFO] from controllers.jpro in application-akka.actor.default-dispatcher-19 - host          task-ignition-retrain.ngrok-free.dev
2026-07-01 16:33:20,575 [INFO] from controllers.jpro in application-akka.actor.default-dispatcher-19 - uri           /app/ws/default
2026-07-01 16:33:20,697 [INFO] from com.jpro.internal.stats.ViewInfo$ in JavaFX Application Thread - [JPro] -> View created: {app_name: default, host_name: task-ignition-retrain.ngrok-free.dev, instance_id: 505683310, browser: Google Chrome 149.0.0.0, browser_url: https://task-ignition-retrain.ngrok-free.dev/, client_ip: 114.172.95.146}
2026-07-01 16:33:20,770 [INFO] from com.jpro.internal.communicator.InstanceImpl in JavaFX Application Thread - [JPro] -> Instance created: {app_name: default, host_name: task-ignition-retrain.ngrok-free.dev, instance_id: 505683310, browser: Google Chrome 149.0.0.0, browser_url: https://task-ignition-retrain.ngrok-free.dev/, client_ip: 114.172.95.146}
2026-07-01 16:33:29,436 [INFO] from com.jpro.internal.stats.ViewInfo$ in JavaFX Application Thread - [JPro] -> View closed: {app_name: default, host_name: task-ignition-retrain.ngrok-free.dev, instance_id: 505683310, browser: Google Chrome 149.0.0.0, browser_url: https://task-ignition-retrain.ngrok-free.dev/, client_ip: 114.172.95.146, reason: tab-closed}
2026-07-01 16:33:29,437 [INFO] from com.jpro.internal.stats.ViewInfo$ in JavaFX Application Thread - 
2026-07-01 16:33:29,437 [INFO] from com.jpro.internal.stats.ViewInfo$ in JavaFX Application Thread - Application closed:
2026-07-01 16:33:29,437 [INFO] from com.jpro.internal.stats.ViewInfo$ in JavaFX Application Thread - startTime      : Wed Jul 01 16:33:29 JST 2026      
2026-07-01 16:33:29,437 [INFO] from com.jpro.internal.stats.ViewInfo$ in JavaFX Application Thread - averageLatency : 00:00:00.023 
2026-07-01 16:33:29,437 [INFO] from com.jpro.internal.stats.ViewInfo$ in JavaFX Application Thread - averageJitter  : 00:00:00.001  
2026-07-01 16:33:29,437 [INFO] from com.jpro.internal.stats.ViewInfo$ in JavaFX Application Thread - framerateServer: 00:00:00.000
2026-07-01 16:33:29,437 [INFO] from com.jpro.internal.stats.ViewInfo$ in JavaFX Application Thread - framerateClient: 00:00:00.000
2026-07-01 16:33:29,437 [INFO] from com.jpro.internal.stats.ViewInfo$ in JavaFX Application Thread - raw            : 332475
2026-07-01 16:33:29,437 [INFO] from com.jpro.internal.stats.ViewInfo$ in JavaFX Application Thread - zipped         : 66687
2026-07-01 16:33:29,437 [INFO] from com.jpro.internal.stats.ViewInfo$ in JavaFX Application Thread - 
2026-07-01 16:33:30,119 [INFO] from com.jpro.internal.stats.ViewInfo$ in JavaFX Application Thread - [JPro] -> View closed: {app_name: default, host_name: localhost:8080, instance_id: 2138793388, browser: Google Chrome 149.0.0.0, browser_url: http://localhost:8080/, client_ip: 0:0:0:0:0:0:0:1, reason: tab-closed}
2026-07-01 16:33:30,120 [INFO] from com.jpro.internal.stats.ViewInfo$ in JavaFX Application Thread - 
2026-07-01 16:33:30,120 [INFO] from com.jpro.internal.stats.ViewInfo$ in JavaFX Application Thread - Application closed:
2026-07-01 16:33:30,120 [INFO] from com.jpro.internal.stats.ViewInfo$ in JavaFX Application Thread - startTime      : Wed Jul 01 16:33:30 JST 2026      
2026-07-01 16:33:30,120 [INFO] from com.jpro.internal.stats.ViewInfo$ in JavaFX Application Thread - averageLatency : 00:00:00.000 
2026-07-01 16:33:30,120 [INFO] from com.jpro.internal.stats.ViewInfo$ in JavaFX Application Thread - averageJitter  : 00:00:00.000  
2026-07-01 16:33:30,122 [INFO] from com.jpro.internal.stats.ViewInfo$ in JavaFX Application Thread - framerateServer: 00:00:00.000
2026-07-01 16:33:30,122 [INFO] from com.jpro.internal.stats.ViewInfo$ in JavaFX Application Thread - framerateClient: 00:00:00.000
2026-07-01 16:33:30,122 [INFO] from com.jpro.internal.stats.ViewInfo$ in JavaFX Application Thread - raw            : 116080189
2026-07-01 16:33:30,122 [INFO] from com.jpro.internal.stats.ViewInfo$ in JavaFX Application Thread - zipped         : 35503681
2026-07-01 16:33:30,122 [INFO] from com.jpro.internal.stats.ViewInfo$ in JavaFX Application Thread - 
2026-07-01 16:33:30,136 [INFO] from controllers.jpro in application-akka.actor.default-dispatcher-9 - application requested: default
2026-07-01 16:33:30,136 [INFO] from controllers.jpro in application-akka.actor.default-dispatcher-9 - Creating Application: default
2026-07-01 16:33:30,136 [INFO] from controllers.jpro in application-akka.actor.default-dispatcher-9 - remoteAddress 0:0:0:0:0:0:0:1
2026-07-01 16:33:30,136 [INFO] from controllers.jpro in application-akka.actor.default-dispatcher-9 - host          localhost:8080
2026-07-01 16:33:30,136 [INFO] from controllers.jpro in application-akka.actor.default-dispatcher-9 - uri           /app/ws/default
2026-07-01 16:33:30,144 [INFO] from com.jpro.internal.stats.ViewInfo$ in JavaFX Application Thread - [JPro] -> View created: {app_name: default, host_name: localhost:8080, instance_id: 1246932084, browser: Google Chrome 149.0.0.0, browser_url: http://localhost:8080/, client_ip: 0:0:0:0:0:0:0:1}
2026-07-01 16:33:30,207 [INFO] from com.jpro.internal.communicator.InstanceImpl in JavaFX Application Thread - [JPro] -> Instance created: {app_name: default, host_name: localhost:8080, instance_id: 1246932084, browser: Google Chrome 149.0.0.0, browser_url: http://localhost:8080/, client_ip: 0:0:0:0:0:0:0:1}
2026-07-01 16:33:30,431 [INFO] from com.jpro.internal.communicator.InstanceImpl in JavaFX Application Thread - [JPro] -> Instance closed: {app_name: default, host_name: task-ignition-retrain.ngrok-free.dev, instance_id: 505683310, browser: Google Chrome 149.0.0.0, browser_url: https://task-ignition-retrain.ngrok-free.dev/, client_ip: 114.172.95.146, reason: close-tab-closed}
2026-07-01 16:33:30,874 [INFO] from com.jpro.internal.stats.ViewInfo$ in JavaFX Application Thread - [JPro] -> View closed: {app_name: default, host_name: localhost:8080, instance_id: 1246932084, browser: Google Chrome 149.0.0.0, browser_url: http://localhost:8080/, client_ip: 0:0:0:0:0:0:0:1, reason: tab-closed}
2026-07-01 16:33:30,876 [INFO] from com.jpro.internal.stats.ViewInfo$ in JavaFX Application Thread - 
2026-07-01 16:33:30,876 [INFO] from com.jpro.internal.stats.ViewInfo$ in JavaFX Application Thread - Application closed:
2026-07-01 16:33:30,877 [INFO] from com.jpro.internal.stats.ViewInfo$ in JavaFX Application Thread - startTime      : Wed Jul 01 16:33:30 JST 2026      
2026-07-01 16:33:30,877 [INFO] from com.jpro.internal.stats.ViewInfo$ in JavaFX Application Thread - averageLatency : 00:00:00.000 
2026-07-01 16:33:30,877 [INFO] from com.jpro.internal.stats.ViewInfo$ in JavaFX Application Thread - averageJitter  : 00:00:00.000  
2026-07-01 16:33:30,877 [INFO] from com.jpro.internal.stats.ViewInfo$ in JavaFX Application Thread - framerateServer: 00:00:00.000
2026-07-01 16:33:30,877 [INFO] from com.jpro.internal.stats.ViewInfo$ in JavaFX Application Thread - framerateClient: 00:00:00.000
2026-07-01 16:33:30,877 [INFO] from com.jpro.internal.stats.ViewInfo$ in JavaFX Application Thread - raw            : 44078
2026-07-01 16:33:30,877 [INFO] from com.jpro.internal.stats.ViewInfo$ in JavaFX Application Thread - zipped         : 9629
2026-07-01 16:33:30,877 [INFO] from com.jpro.internal.stats.ViewInfo$ in JavaFX Application Thread - 
2026-07-01 16:33:30,891 [INFO] from controllers.jpro in application-akka.actor.default-dispatcher-19 - application requested: default
2026-07-01 16:33:30,891 [INFO] from controllers.jpro in application-akka.actor.default-dispatcher-19 - Creating Application: default
2026-07-01 16:33:30,891 [INFO] from controllers.jpro in application-akka.actor.default-dispatcher-19 - remoteAddress 0:0:0:0:0:0:0:1
2026-07-01 16:33:30,891 [INFO] from controllers.jpro in application-akka.actor.default-dispatcher-19 - host          localhost:8080
2026-07-01 16:33:30,891 [INFO] from controllers.jpro in application-akka.actor.default-dispatcher-19 - uri           /app/ws/default
2026-07-01 16:33:30,901 [INFO] from com.jpro.internal.stats.ViewInfo$ in JavaFX Application Thread - [JPro] -> View created: {app_name: default, host_name: localhost:8080, instance_id: 1151575928, browser: Google Chrome 149.0.0.0, browser_url: http://localhost:8080/, client_ip: 0:0:0:0:0:0:0:1}
2026-07-01 16:33:30,958 [INFO] from com.jpro.internal.communicator.InstanceImpl in JavaFX Application Thread - [JPro] -> Instance created: {app_name: default, host_name: localhost:8080, instance_id: 1151575928, browser: Google Chrome 149.0.0.0, browser_url: http://localhost:8080/, client_ip: 0:0:0:0:0:0:0:1}
2026-07-01 16:33:31,117 [INFO] from com.jpro.internal.communicator.InstanceImpl in JavaFX Application Thread - [JPro] -> Instance closed: {app_name: default, host_name: localhost:8080, instance_id: 2138793388, browser: Google Chrome 149.0.0.0, browser_url: http://localhost:8080/, client_ip: 0:0:0:0:0:0:0:1, reason: close-tab-closed}
2026-07-01 16:33:31,870 [INFO] from com.jpro.internal.communicator.InstanceImpl in JavaFX Application Thread - [JPro] -> Instance closed: {app_name: default, host_name: localhost:8080, instance_id: 1246932084, browser: Google Chrome 149.0.0.0, browser_url: http://localhost:8080/, client_ip: 0:0:0:0:0:0:0:1, reason: close-tab-closed}
2026-07-01 16:33:56,757 [INFO] from controllers.jpro in application-akka.actor.default-dispatcher-9 - application requested: default
2026-07-01 16:33:56,757 [INFO] from controllers.jpro in application-akka.actor.default-dispatcher-9 - Creating Application: default
2026-07-01 16:33:56,758 [INFO] from controllers.jpro in application-akka.actor.default-dispatcher-9 - remoteAddress 240a:61:5c44:25d4:6523:c760:56a0:f168
2026-07-01 16:33:56,758 [INFO] from controllers.jpro in application-akka.actor.default-dispatcher-9 - host          task-ignition-retrain.ngrok-free.dev
2026-07-01 16:33:56,758 [INFO] from controllers.jpro in application-akka.actor.default-dispatcher-9 - uri           /app/ws/default
2026-07-01 16:33:56,868 [INFO] from com.jpro.internal.stats.ViewInfo$ in JavaFX Application Thread - [JPro] -> View created: {app_name: default, host_name: task-ignition-retrain.ngrok-free.dev, instance_id: 1170403734, browser: Safari 604.1, browser_url: https://task-ignition-retrain.ngrok-free.dev/, client_ip: 240a:61:5c44:25d4:6523:c760:56a0:f168}
2026-07-01 16:33:56,922 [INFO] from com.jpro.internal.communicator.InstanceImpl in JavaFX Application Thread - [JPro] -> Instance created: {app_name: default, host_name: task-ignition-retrain.ngrok-free.dev, instance_id: 1170403734, browser: Safari 604.1, browser_url: https://task-ignition-retrain.ngrok-free.dev/, client_ip: 240a:61:5c44:25d4:6523:c760:56a0:f168}
2026-07-01 16:34:16,976 [INFO] from controllers.jpro in application-akka.actor.default-dispatcher-12 - application requested: default
2026-07-01 16:34:16,976 [INFO] from controllers.jpro in application-akka.actor.default-dispatcher-12 - Creating Application: default
2026-07-01 16:34:16,977 [INFO] from controllers.jpro in application-akka.actor.default-dispatcher-12 - remoteAddress 114.172.95.146
2026-07-01 16:34:16,977 [INFO] from controllers.jpro in application-akka.actor.default-dispatcher-12 - host          task-ignition-retrain.ngrok-free.dev
2026-07-01 16:34:16,977 [INFO] from controllers.jpro in application-akka.actor.default-dispatcher-12 - uri           /app/ws/default
2026-07-01 16:34:17,068 [INFO] from com.jpro.internal.stats.ViewInfo$ in JavaFX Application Thread - [JPro] -> View created: {app_name: default, host_name: task-ignition-retrain.ngrok-free.dev, instance_id: 1995149969, browser: Google Chrome 149.0.0.0, browser_url: https://task-ignition-retrain.ngrok-free.dev/, client_ip: 114.172.95.146}
2026-07-01 16:34:17,135 [INFO] from com.jpro.internal.communicator.InstanceImpl in JavaFX Application Thread - [JPro] -> Instance created: {app_name: default, host_name: task-ignition-retrain.ngrok-free.dev, instance_id: 1995149969, browser: Google Chrome 149.0.0.0, browser_url: https://task-ignition-retrain.ngrok-free.dev/, client_ip: 114.172.95.146}
2026-07-01 16:34:25,594 [INFO] from com.jpro.internal.stats.ViewInfo$ in JavaFX Application Thread - [JPro] -> View closed: {app_name: default, host_name: task-ignition-retrain.ngrok-free.dev, instance_id: 1170403734, browser: Safari 604.1, browser_url: https://task-ignition-retrain.ngrok-free.dev/, client_ip: 240a:61:5c44:25d4:6523:c760:56a0:f168, reason: tab-closed}
2026-07-01 16:34:25,594 [INFO] from com.jpro.internal.stats.ViewInfo$ in JavaFX Application Thread - 
2026-07-01 16:34:25,594 [INFO] from com.jpro.internal.stats.ViewInfo$ in JavaFX Application Thread - Application closed:
2026-07-01 16:34:25,595 [INFO] from com.jpro.internal.stats.ViewInfo$ in JavaFX Application Thread - startTime      : Wed Jul 01 16:34:25 JST 2026      
2026-07-01 16:34:25,595 [INFO] from com.jpro.internal.stats.ViewInfo$ in JavaFX Application Thread - averageLatency : 00:00:00.132 
2026-07-01 16:34:25,595 [INFO] from com.jpro.internal.stats.ViewInfo$ in JavaFX Application Thread - averageJitter  : 00:00:00.002  
2026-07-01 16:34:25,595 [INFO] from com.jpro.internal.stats.ViewInfo$ in JavaFX Application Thread - framerateServer: 00:00:00.000
2026-07-01 16:34:25,595 [INFO] from com.jpro.internal.stats.ViewInfo$ in JavaFX Application Thread - framerateClient: 00:00:00.000
2026-07-01 16:34:25,595 [INFO] from com.jpro.internal.stats.ViewInfo$ in JavaFX Application Thread - raw            : 942141
2026-07-01 16:34:25,595 [INFO] from com.jpro.internal.stats.ViewInfo$ in JavaFX Application Thread - zipped         : 224863
2026-07-01 16:34:25,595 [INFO] from com.jpro.internal.stats.ViewInfo$ in JavaFX Application Thread - 
2026-07-01 16:34:25,806 [INFO] from com.jpro.internal.stats.ViewInfo$ in JavaFX Application Thread - [JPro] -> View closed: {app_name: default, host_name: task-ignition-retrain.ngrok-free.dev, instance_id: 1995149969, browser: Google Chrome 149.0.0.0, browser_url: https://task-ignition-retrain.ngrok-free.dev/, client_ip: 114.172.95.146, reason: tab-closed}
2026-07-01 16:34:25,806 [INFO] from com.jpro.internal.stats.ViewInfo$ in JavaFX Application Thread - 
2026-07-01 16:34:25,806 [INFO] from com.jpro.internal.stats.ViewInfo$ in JavaFX Application Thread - Application closed:
2026-07-01 16:34:25,806 [INFO] from com.jpro.internal.stats.ViewInfo$ in JavaFX Application Thread - startTime      : Wed Jul 01 16:34:25 JST 2026      
2026-07-01 16:34:25,806 [INFO] from com.jpro.internal.stats.ViewInfo$ in JavaFX Application Thread - averageLatency : -00:00:00.067 
2026-07-01 16:34:25,806 [INFO] from com.jpro.internal.stats.ViewInfo$ in JavaFX Application Thread - averageJitter  : 00:00:00.006  
2026-07-01 16:34:25,806 [INFO] from com.jpro.internal.stats.ViewInfo$ in JavaFX Application Thread - framerateServer: 00:00:00.000
2026-07-01 16:34:25,806 [INFO] from com.jpro.internal.stats.ViewInfo$ in JavaFX Application Thread - framerateClient: 00:00:00.000
2026-07-01 16:34:25,806 [INFO] from com.jpro.internal.stats.ViewInfo$ in JavaFX Application Thread - raw            : 174175
2026-07-01 16:34:25,806 [INFO] from com.jpro.internal.stats.ViewInfo$ in JavaFX Application Thread - zipped         : 43738
2026-07-01 16:34:25,806 [INFO] from com.jpro.internal.stats.ViewInfo$ in JavaFX Application Thread - 
2026-07-01 16:34:26,589 [INFO] from com.jpro.internal.communicator.InstanceImpl in JavaFX Application Thread - [JPro] -> Instance closed: {app_name: default, host_name: task-ignition-retrain.ngrok-free.dev, instance_id: 1170403734, browser: Safari 604.1, browser_url: https://task-ignition-retrain.ngrok-free.dev/, client_ip: 240a:61:5c44:25d4:6523:c760:56a0:f168, reason: close-tab-closed}
2026-07-01 16:34:26,797 [INFO] from com.jpro.internal.communicator.InstanceImpl in JavaFX Application Thread - [JPro] -> Instance closed: {app_name: default, host_name: task-ignition-retrain.ngrok-free.dev, instance_id: 1995149969, browser: Google Chrome 149.0.0.0, browser_url: https://task-ignition-retrain.ngrok-free.dev/, client_ip: 114.172.95.146, reason: close-tab-closed}
2026-07-01 16:34:26,934 [INFO] from controllers.jpro in application-akka.actor.default-dispatcher-5 - application requested: 1995149969!default
2026-07-01 16:34:26,935 [INFO] from controllers.jpro in application-akka.actor.default-dispatcher-5 - Creating Application: 1995149969!default
2026-07-01 16:34:26,935 [INFO] from controllers.jpro in application-akka.actor.default-dispatcher-5 - remoteAddress 114.172.95.146
2026-07-01 16:34:26,935 [INFO] from controllers.jpro in application-akka.actor.default-dispatcher-5 - host          task-ignition-retrain.ngrok-free.dev
2026-07-01 16:34:26,935 [INFO] from controllers.jpro in application-akka.actor.default-dispatcher-5 - uri           /app/ws/1995149969!default
2026-07-01 16:34:27,075 [INFO] from com.jpro.internal.stats.ViewInfo$ in JavaFX Application Thread - [JPro] -> View created: {app_name: default, host_name: task-ignition-retrain.ngrok-free.dev, instance_id: 699768855, browser: Google Chrome 149.0.0.0, browser_url: https://task-ignition-retrain.ngrok-free.dev/, client_ip: 114.172.95.146}
2026-07-01 16:34:27,129 [INFO] from com.jpro.internal.communicator.InstanceImpl in JavaFX Application Thread - [JPro] -> Instance created: {app_name: default, host_name: task-ignition-retrain.ngrok-free.dev, instance_id: 699768855, browser: Google Chrome 149.0.0.0, browser_url: https://task-ignition-retrain.ngrok-free.dev/, client_ip: 114.172.95.146}
2026-07-01 16:38:04,511 [INFO] from com.jpro.activity in scala-execution-context-global-30 - Starting the server
2026-07-01 16:38:04,513 [INFO] from com.jpro.internal.server.JProInitializer$ in scala-execution-context-global-30 -  *** Starting JPro: https://www.jpro.one/ ***
2026-07-01 16:38:04,513 [INFO] from com.jpro.internal.server.JProInitializer$ in scala-execution-context-global-30 - OS: Windows 11
2026-07-01 16:38:04,529 [INFO] from com.jpro.internal.server.JProInitializer$ in scala-execution-context-global-30 - JPro: 2024.1.0
2026-07-01 16:38:04,529 [INFO] from com.jpro.internal.server.JProInitializer$ in scala-execution-context-global-30 - Java version: 17.0.18
2026-07-01 16:38:04,529 [INFO] from com.jpro.internal.server.JProInitializer$ in scala-execution-context-global-30 - JVM: 17.0.18 Eclipse Adoptium
2026-07-01 16:38:04,531 [INFO] from com.jpro.internal.server.JProInitializer$ in scala-execution-context-global-30 - JavaFX jar: file:/C:/Users/EMD-572/.m2/repository/org/openjfx/javafx-graphics/21.0.2.4-jpro+0/javafx-graphics-21.0.2.4-jpro+0-win.jar
2026-07-01 16:38:04,532 [INFO] from com.jpro.internal.server.JProInitializer$ in scala-execution-context-global-30 - Configuring logging from url: 'jar:file:/C:/Users/EMD-572/.m2/repository/com/sandec/jpro/jpro-server_2.12/2024.1.0/jpro-server_2.12-2024.1.0.jar!/logback-jpro-default.xml'
2026-07-01 16:38:05,168 [INFO] from com.jpro.internal.server.JProInitializer$ in JavaFX Application Thread - JavaFX version: 21.0.2.4-jpro+0
2026-07-01 16:38:05,180 [INFO] from akka.event.slf4j.Slf4jLogger in application-akka.actor.default-dispatcher-5 - Slf4jLogger started
2026-07-01 16:38:05,257 [INFO] from com.jpro.internal.server.JProInitializer$ in scala-execution-context-global-30 - finished init!
2026-07-01 16:38:05,260 [INFO] from com.jpro.internal.server.JProInitializer$ in scala-execution-context-global-30 - [JPro] -> Server started: {start_time: 1782891484510, os_name: Windows 11, jpro_version: 2024.1.0}
2026-07-01 16:38:05,610 [INFO] from play.api.Play in Thread-0 - Application started (Prod) (no global state)
2026-07-01 16:38:05,932 [INFO] from play.core.server.AkkaHttpServer in Thread-0 - Enabling HTTP/2 on Akka HTTP server...
2026-07-01 16:38:05,933 [INFO] from play.core.server.AkkaHttpServer in Thread-0 - Listening for HTTP on /[0:0:0:0:0:0:0:0]:8080
2026-07-01 16:38:06,440 [INFO] from controllers.jpro in application-akka.actor.default-dispatcher-11 - application requested: default
2026-07-01 16:38:06,446 [INFO] from controllers.jpro in application-akka.actor.default-dispatcher-11 - Creating Application: default
2026-07-01 16:38:06,450 [INFO] from controllers.jpro in application-akka.actor.default-dispatcher-11 - remoteAddress 0:0:0:0:0:0:0:1
2026-07-01 16:38:06,451 [INFO] from controllers.jpro in application-akka.actor.default-dispatcher-11 - host          localhost:8080
2026-07-01 16:38:06,451 [INFO] from controllers.jpro in application-akka.actor.default-dispatcher-11 - uri           /app/ws/default
2026-07-01 16:38:06,606 [INFO] from com.jpro.internal.stats.ViewInfo$ in JavaFX Application Thread - [JPro] -> View created: {app_name: default, host_name: localhost:8080, instance_id: 756278220, browser: Google Chrome 149.0.0.0, browser_url: http://localhost:8080/, client_ip: 0:0:0:0:0:0:0:1}
2026-07-01 16:38:06,875 [INFO] from com.jpro.internal.communicator.InstanceImpl in JavaFX Application Thread - [JPro] -> Instance created: {app_name: default, host_name: localhost:8080, instance_id: 756278220, browser: Google Chrome 149.0.0.0, browser_url: http://localhost:8080/, client_ip: 0:0:0:0:0:0:0:1}
2026-07-01 16:38:15,688 [INFO] from controllers.jpro in application-akka.actor.default-dispatcher-12 - application requested: default
2026-07-01 16:38:15,689 [INFO] from controllers.jpro in application-akka.actor.default-dispatcher-12 - Creating Application: default
2026-07-01 16:38:15,692 [INFO] from controllers.jpro in application-akka.actor.default-dispatcher-12 - remoteAddress 114.172.95.146
2026-07-01 16:38:15,692 [INFO] from controllers.jpro in application-akka.actor.default-dispatcher-12 - host          task-ignition-retrain.ngrok-free.dev
2026-07-01 16:38:15,692 [INFO] from controllers.jpro in application-akka.actor.default-dispatcher-12 - uri           /app/ws/default
2026-07-01 16:38:15,780 [INFO] from com.jpro.internal.stats.ViewInfo$ in JavaFX Application Thread - [JPro] -> View created: {app_name: default, host_name: task-ignition-retrain.ngrok-free.dev, instance_id: 1519371731, browser: Google Chrome 149.0.0.0, browser_url: https://task-ignition-retrain.ngrok-free.dev/, client_ip: 114.172.95.146}
2026-07-01 16:38:15,841 [INFO] from com.jpro.internal.communicator.InstanceImpl in JavaFX Application Thread - [JPro] -> Instance created: {app_name: default, host_name: task-ignition-retrain.ngrok-free.dev, instance_id: 1519371731, browser: Google Chrome 149.0.0.0, browser_url: https://task-ignition-retrain.ngrok-free.dev/, client_ip: 114.172.95.146}
